Arguments: 
  C:\Program Files\nodejs\node.exe C:\Program Files (x86)\Yarn\bin\yarn.js

PATH: 
  C:\WINDOWS\system32;C:\WINDOWS;C:\WINDOWS\System32\Wbem;C:\WINDOWS\System32\WindowsPowerShell\v1.0\;C:\WINDOWS\System32\OpenSSH\;C:\Program Files\dotnet\;C:\Program Files (x86)\Aperio\Common;C:\Program Files (x86)\Yarn\bin\;C:\Program Files (x86)\NVIDIA Corporation\PhysX\Common;C:\Program Files\nodejs\;C:\Users\Evhen\AppData\Local\Microsoft\WindowsApps;C:\Users\Evhen\.dotnet\tools;C:\Users\Evhen\AppData\Local\Programs\Microsoft VS Code\bin;C:\Users\Evhen\AppData\Local\Yarn\bin;C:\Users\Evhen\AppData\Roaming\npm;T:\study\Practice\node_modules\.bin

Yarn version: 
  1.22.19

Node version: 
  19.3.0

Platform: 
  win32 x64

Trace: 
  SyntaxError: T:\study\Practice\package.json: Expected double-quoted property name in JSON at position 471
      at JSON.parse (<anonymous>)
      at C:\Program Files (x86)\Yarn\lib\cli.js:1629:59
      at Generator.next (<anonymous>)
      at step (C:\Program Files (x86)\Yarn\lib\cli.js:310:30)
      at C:\Program Files (x86)\Yarn\lib\cli.js:321:13

npm manifest: 
  {
    "name": "practise",
    "version": "0.1.0",
    "private": true,
    "dependencies": {
      "@emotion/react": "^11.10.5",
      "@testing-library/jest-dom": "^5.16.5",
      "@testing-library/react": "^13.4.0",
      "@testing-library/user-event": "^14.4.3",
      "@types/node": "^18.11.15",
      "@types/react": "^18.0.26",
      "babel-jest": "^29.3.1",
      "jest": "^29.3.1",
      "react": "^18.2.0",
      "react-scripts": "5.0.1",
      "redux": "^4.2.0",
      "ts-jest": "^29.0.5",
    },
    "scripts": {
      "start": "react-scripts start",
      "build": "react-scripts build",
      "test": "jest",
      "eject": "react-scripts eject",
    },
    "eslintConfig": {
      "extends": "react-app",
      "overrides": [
        {
          "files": [
            "**/*.stories.*"
          ],
          "rules": {
            "import/no-anonymous-default-export": "off"
          }
        }
      ]
    },
    "browserslist": {
      "production": [
        ">0.2%",
        "not dead",
        "not op_mini all"
      ],
      "development": [
        "last 1 chrome version",
        "last 1 firefox version",
        "last 1 safari version"
      ]
    },
    "devDependencies": {
      "babel-plugin-named-exports-order": "^0.0.2",
      "prop-types": "^15.8.1",
      "webpack": "^5.75.0"
    }
  }

yarn manifest: 
  No manifest

Lockfile: 
  No lockfile
